<?xml version="1.0" encoding="UTF-8"?>
<!-- Generated by org.testng.reporters.JUnitReportReporter -->
<testsuite hostname="DESKTOP-3NRNP42" failures="0" tests="1" name="TestLayer.Demo1" time="5.462" errors="0" timestamp="2022-08-06T20:16:50 IST" skipped="0">
  <testcase classname="TestLayer.Demo1" name="abc" time="5.462"/>
  <system-out/>
</testsuite> <!-- TestLayer.Demo1 -->
