<?xml version="1.0" encoding="UTF-8"?>
<!-- Generated by org.testng.reporters.JUnitReportReporter -->
<testsuite hostname="DESKTOP-3NRNP42" failures="0" tests="15" name="TestLayer.PIMPageTest" time="37.660" errors="0" timestamp="2022-08-15T20:57:20 IST" skipped="0">
  <testcase classname="TestLayer.PIMPageTest" name="validatePIMNewEmployee" time="2.915"/>
  <system-out/>
  <testcase classname="TestLayer.PIMPageTest" name="validatePIMNewEmployee" time="2.610"/>
  <system-out/>
  <testcase classname="TestLayer.PIMPageTest" name="validatePIMNewEmployee" time="2.550"/>
  <system-out/>
  <testcase classname="TestLayer.PIMPageTest" name="validatePIMNewEmployee" time="2.553"/>
  <system-out/>
  <testcase classname="TestLayer.PIMPageTest" name="validatePIMNewEmployee" time="2.878"/>
  <system-out/>
  <testcase classname="TestLayer.PIMPageTest" name="validatePIMNewEmployee" time="2.761"/>
  <system-out/>
  <testcase classname="TestLayer.PIMPageTest" name="validatePIMNewEmployee" time="2.915"/>
  <system-out/>
  <testcase classname="TestLayer.PIMPageTest" name="validatePIMNewEmployee" time="2.837"/>
  <system-out/>
  <testcase classname="TestLayer.PIMPageTest" name="validatePIMNewEmployee" time="2.798"/>
  <system-out/>
  <testcase classname="TestLayer.PIMPageTest" name="validatePIMNewEmployee" time="3.803"/>
  <system-out/>
  <testcase classname="TestLayer.PIMPageTest" name="validatePersonalDetailsInPIMPage" time="0.286"/>
  <system-out/>
  <testcase classname="TestLayer.PIMPageTest" name="validateDrivingLicenseDate" time="3.034"/>
  <system-out/>
  <testcase classname="TestLayer.PIMPageTest" name="validateCountryDropDown" time="2.129"/>
  <system-out/>
  <testcase classname="TestLayer.PIMPageTest" name="validateMaritalStatusDropDown" time="0.293"/>
  <system-out/>
  <testcase classname="TestLayer.PIMPageTest" name="validateDobDates" time="3.298"/>
  <system-out/>
</testsuite> <!-- TestLayer.PIMPageTest -->
