<?xml version="1.0" encoding="UTF-8"?>
<!-- Generated by org.testng.reporters.JUnitReportReporter -->
<testsuite hostname="DESKTOP-3NRNP42" failures="0" tests="1" name="TestLayer.LoginPageTest" time="9.500" errors="0" timestamp="2022-08-15T20:57:20 IST" skipped="0">
  <testcase classname="TestLayer.LoginPageTest" name="validateLoginFunctionality" time="9.500"/>
  <system-out/>
</testsuite> <!-- TestLayer.LoginPageTest -->
