<?xml version="1.0" encoding="UTF-8"?>
<!-- Generated by org.testng.reporters.JUnitReportReporter -->
<testsuite hostname="DESKTOP-3NRNP42" failures="0" tests="6" name="TestLayer.HomePageTest" time="5.863" errors="0" timestamp="2022-08-15T20:57:20 IST" skipped="0">
  <testcase classname="TestLayer.HomePageTest" name="validateHomePageTitle" time="0.012"/>
  <system-out/>
  <testcase classname="TestLayer.HomePageTest" name="validateHomePageUrl" time="0.010"/>
  <system-out/>
  <testcase classname="TestLayer.HomePageTest" name="validateHomePageLogo" time="0.054"/>
  <system-out/>
  <testcase classname="TestLayer.HomePageTest" name="validateHomePagePIMLink" time="2.064"/>
  <system-out/>
  <testcase classname="TestLayer.HomePageTest" name="validateHomePageAdminLink" time="1.654"/>
  <system-out/>
  <testcase classname="TestLayer.HomePageTest" name="validateHomePageLeaveLink" time="2.069"/>
  <system-out/>
</testsuite> <!-- TestLayer.HomePageTest -->
